<?xml version="1.0" encoding="UTF-8"?>
<testsuite name="org.example.game.data.DatabaseTest" tests="1" skipped="0" failures="0" errors="0" timestamp="2022-12-15T04:41:20" hostname="V0H9XDXF6P" time="0.18">
  <properties/>
  <testcase name="test_getWorld()" classname="org.example.game.data.DatabaseTest" time="0.18"/>
  <system-out><![CDATA[Column 1 returned Column 1 returned 42de169c-8b30-4ab6-9d3b-ebd3a999c659
Column 1 returned a03ea34f-e73b-47d0-848d-6ec3d95ee608
3dc4fa10-2eab-454f-bff8-3610040d58c6
earth
 citizens:[
Citizen andres
	Life: energy=0, time=0, 
Citizen lastoshka
	Life: energy=0, time=0]
]]></system-out>
  <system-err><![CDATA[]]></system-err>
</testsuite>
