<?xml version="1.0" encoding="UTF-8"?>
<testsuite name="org.example.game.CitizenTest" tests="1" skipped="0" failures="0" errors="0" timestamp="2022-12-10T04:25:04" hostname="V0H9XDXF6P" time="0.041">
  <properties/>
  <testcase name="test_stats()" classname="org.example.game.CitizenTest" time="0.041"/>
  <system-out><![CDATA[]]></system-out>
  <system-err><![CDATA[]]></system-err>
</testsuite>
